<?xml version="1.0" encoding="UTF-8"?>
<testng-results ignored="0" total="1" passed="1" failed="0" skipped="0">
  <reporter-output>
  </reporter-output>
  <suite started-at="2024-06-12T16:13:40 IST" name="Suite" finished-at="2024-06-12T16:13:54 IST" duration-ms="13643">
    <groups>
    </groups>
    <test started-at="2024-06-12T16:13:40 IST" name="Test" finished-at="2024-06-12T16:13:54 IST" duration-ms="13643">
      <class name="com.learnAuto.testcases.LoginTestCRM">
        <test-method is-config="true" signature="setupSuite()[pri:0, instance:com.learnAuto.testcases.LoginTestCRM@38425407]" started-at="2024-06-12T16:13:39 IST" name="setupSuite" finished-at="2024-06-12T16:13:40 IST" duration-ms="1572" status="PASS">
          <reporter-output>
          </reporter-output>
        </test-method> <!-- setupSuite -->
        <test-method is-config="true" signature="setup()[pri:0, instance:com.learnAuto.testcases.LoginTestCRM@38425407]" started-at="2024-06-12T16:13:40 IST" name="setup" finished-at="2024-06-12T16:13:51 IST" duration-ms="10436" status="PASS">
          <reporter-output>
          </reporter-output>
        </test-method> <!-- setup -->
        <test-method signature="launchApp()[pri:0, instance:com.learnAuto.testcases.LoginTestCRM@38425407]" started-at="2024-06-12T16:13:51 IST" name="launchApp" finished-at="2024-06-12T16:13:53 IST" duration-ms="1885" status="PASS">
          <reporter-output>
          </reporter-output>
        </test-method> <!-- launchApp -->
        <test-method is-config="true" signature="tearDownMethod(org.testng.ITestResult)[pri:0, instance:com.learnAuto.testcases.LoginTestCRM@38425407]" started-at="2024-06-12T16:13:53 IST" name="tearDownMethod" finished-at="2024-06-12T16:13:53 IST" duration-ms="10" status="PASS">
          <params>
            <param index="0">
              <value>
                <![CDATA[[TestResult name=launchApp status=SUCCESS method=LoginTestCRM.launchApp()[pri:0, instance:com.learnAuto.testcases.LoginTestCRM@38425407] output={null}]]]>
              </value>
            </param>
          </params>
          <reporter-output>
          </reporter-output>
        </test-method> <!-- tearDownMethod -->
        <test-method is-config="true" signature="tearDown()[pri:0, instance:com.learnAuto.testcases.LoginTestCRM@38425407]" started-at="2024-06-12T16:13:53 IST" name="tearDown" finished-at="2024-06-12T16:13:54 IST" duration-ms="1220" status="PASS">
          <reporter-output>
          </reporter-output>
        </test-method> <!-- tearDown -->
      </class> <!-- com.learnAuto.testcases.LoginTestCRM -->
    </test> <!-- Test -->
  </suite> <!-- Suite -->
</testng-results>
