<?xml version="1.0" encoding="UTF-8"?>
<testng-results ignored="0" total="1" passed="1" failed="0" skipped="0">
  <reporter-output>
  </reporter-output>
  <suite started-at="2024-06-13T13:05:29 IST" name="Suite" finished-at="2024-06-13T13:05:51 IST" duration-ms="21907">
    <groups>
    </groups>
    <test started-at="2024-06-13T13:05:29 IST" name="Test" finished-at="2024-06-13T13:05:51 IST" duration-ms="21907">
      <class name="com.learnAuto.testcases.LoginTestCRM">
        <test-method is-config="true" signature="setupSuite()[pri:0, instance:com.learnAuto.testcases.LoginTestCRM@38425407]" started-at="2024-06-13T13:05:28 IST" name="setupSuite" finished-at="2024-06-13T13:05:29 IST" duration-ms="1641" status="PASS">
          <reporter-output>
          </reporter-output>
        </test-method> <!-- setupSuite -->
        <test-method is-config="true" signature="setup()[pri:0, instance:com.learnAuto.testcases.LoginTestCRM@38425407]" started-at="2024-06-13T13:05:29 IST" name="setup" finished-at="2024-06-13T13:05:46 IST" duration-ms="16764" status="PASS">
          <reporter-output>
          </reporter-output>
        </test-method> <!-- setup -->
        <test-method signature="launchApp()[pri:0, instance:com.learnAuto.testcases.LoginTestCRM@38425407]" started-at="2024-06-13T13:05:46 IST" name="launchApp" finished-at="2024-06-13T13:05:50 IST" duration-ms="3857" status="PASS">
          <reporter-output>
          </reporter-output>
        </test-method> <!-- launchApp -->
        <test-method is-config="true" signature="tearDownMethod(org.testng.ITestResult)[pri:0, instance:com.learnAuto.testcases.LoginTestCRM@38425407]" started-at="2024-06-13T13:05:50 IST" name="tearDownMethod" finished-at="2024-06-13T13:05:51 IST" duration-ms="855" status="PASS">
          <params>
            <param index="0">
              <value>
                <![CDATA[[TestResult name=launchApp status=SUCCESS method=LoginTestCRM.launchApp()[pri:0, instance:com.learnAuto.testcases.LoginTestCRM@38425407] output={null}]]]>
              </value>
            </param>
          </params>
          <reporter-output>
          </reporter-output>
        </test-method> <!-- tearDownMethod -->
        <test-method is-config="true" signature="tearDown()[pri:0, instance:com.learnAuto.testcases.LoginTestCRM@38425407]" started-at="2024-06-13T13:05:51 IST" name="tearDown" finished-at="2024-06-13T13:05:51 IST" duration-ms="349" status="PASS">
          <reporter-output>
          </reporter-output>
        </test-method> <!-- tearDown -->
      </class> <!-- com.learnAuto.testcases.LoginTestCRM -->
    </test> <!-- Test -->
  </suite> <!-- Suite -->
</testng-results>
